<?xml version="1.0" encoding="UTF-8"?>
<testng-results skipped="0" failed="0" ignored="0" total="2" passed="2">
  <reporter-output>
  </reporter-output>
  <suite name="Default suite" duration-ms="91" started-at="2022-08-21T00:23:35 IST" finished-at="2022-08-21T00:23:35 IST">
    <groups>
    </groups>
    <test name="Default test" duration-ms="91" started-at="2022-08-21T00:23:35 IST" finished-at="2022-08-21T00:23:35 IST">
      <class name="ForeignPlayerCount">
        <test-method status="PASS" signature="countForeignPlayer()[pri:0, instance:ForeignPlayerCount@5a1c0542]" name="countForeignPlayer" duration-ms="28" started-at="2022-08-21T00:23:35 IST" finished-at="2022-08-21T00:23:35 IST">
          <reporter-output>
          </reporter-output>
        </test-method> <!-- countForeignPlayer -->
        <test-method status="PASS" signature="countWicketKeeper()[pri:0, instance:ForeignPlayerCount@5a1c0542]" name="countWicketKeeper" duration-ms="3" started-at="2022-08-21T00:23:35 IST" finished-at="2022-08-21T00:23:35 IST">
          <reporter-output>
          </reporter-output>
        </test-method> <!-- countWicketKeeper -->
      </class> <!-- ForeignPlayerCount -->
    </test> <!-- Default test -->
  </suite> <!-- Default suite -->
</testng-results>
